2025-06-13 10:48:44 INFO: Running in TESTNET mode
2025-06-13 10:48:44 INFO: Starting trading bot
2025-06-13 10:48:45 INFO: No open positions
2025-06-13 10:49:45 INFO: No open positions
2025-06-13 10:50:46 INFO: No open positions
2025-06-13 10:51:47 INFO: No open positions
2025-06-13 10:52:47 INFO: No open positions
2025-06-13 10:53:48 INFO: No open positions
2025-06-13 10:54:48 INFO: No open positions
2025-06-13 10:55:49 INFO: No open positions
2025-06-13 10:56:50 INFO: No open positions
2025-06-13 10:57:50 INFO: No open positions
2025-06-13 10:58:50 INFO: No open positions
2025-06-13 10:59:51 INFO: No open positions
2025-06-13 11:00:52 INFO: No open positions
2025-06-13 11:01:52 INFO: No open positions
2025-06-13 11:02:53 INFO: No open positions
2025-06-13 11:02:53 INFO: >> Ready for LONG setup
2025-06-13 11:03:54 INFO: No open positions
2025-06-13 11:04:54 INFO: No open positions
2025-06-13 11:05:54 INFO: No open positions
2025-06-13 11:06:55 INFO: No open positions
2025-06-13 11:07:55 INFO: No open positions
2025-06-13 11:08:56 INFO: No open positions
2025-06-13 11:09:56 INFO: No open positions
2025-06-13 11:10:57 INFO: No open positions
2025-06-13 11:11:57 INFO: No open positions
2025-06-13 11:11:57 INFO: Placed BUY MARKET order, qty=0.03
2025-06-13 11:11:59 INFO: Placed TP LIMIT order at 104329.5
2025-06-13 11:11:59 INFO: Placed SL STOP_MARKET order at 103999.5
2025-06-13 11:11:59 INFO: Entered LONG at 104199.5
2025-06-13 11:12:59 INFO: Current position: LONG qty=0.03
2025-06-13 11:14:00 INFO: Current position: LONG qty=0.03
2025-06-13 11:15:00 INFO: Current position: LONG qty=0.03
2025-06-13 11:16:01 INFO: Current position: LONG qty=0.03
2025-06-13 11:17:01 INFO: Current position: LONG qty=0.03
2025-06-13 11:18:02 INFO: Current position: LONG qty=0.03
2025-06-13 11:19:03 INFO: Current position: LONG qty=0.03
2025-06-13 11:20:03 INFO: Current position: LONG qty=0.03
2025-06-13 11:21:04 INFO: Current position: LONG qty=0.03
2025-06-13 11:22:04 INFO: Current position: LONG qty=0.03
2025-06-13 11:23:05 INFO: Current position: LONG qty=0.03
2025-06-13 11:24:05 INFO: Current position: LONG qty=0.03
2025-06-13 11:25:05 INFO: Current position: LONG qty=0.03
2025-06-13 11:26:06 INFO: Current position: LONG qty=0.03
2025-06-13 11:27:06 INFO: Current position: LONG qty=0.03
2025-06-13 11:28:06 INFO: Current position: LONG qty=0.03
2025-06-13 11:29:07 INFO: Current position: LONG qty=0.03
2025-06-13 11:30:07 INFO: Trade updated with exit_price: 103964.9, pnl: -7.04, result: LOSS
2025-06-13 11:30:07 INFO: No open positions
2025-06-13 11:31:07 INFO: No open positions
2025-06-13 11:32:08 INFO: No open positions
2025-06-13 11:32:08 INFO: >> Ready for LONG setup
2025-06-13 11:33:08 INFO: No open positions
2025-06-13 11:33:08 INFO: Placed BUY MARKET order, qty=0.03
2025-06-13 11:33:09 INFO: Placed TP LIMIT order at 104179.6
2025-06-13 11:33:10 INFO: Placed SL STOP_MARKET order at 103849.6
2025-06-13 11:33:10 INFO: Entered LONG at 104049.6
2025-06-13 11:34:10 INFO: Current position: LONG qty=0.03
2025-06-13 11:35:10 INFO: Current position: LONG qty=0.03
2025-06-13 11:36:11 INFO: Current position: LONG qty=0.03
2025-06-13 11:37:11 INFO: Current position: LONG qty=0.03
2025-06-13 11:38:11 INFO: Current position: LONG qty=0.03
2025-06-13 11:39:12 INFO: Current position: LONG qty=0.03
2025-06-13 11:40:12 INFO: Current position: LONG qty=0.03
2025-06-13 11:41:12 INFO: Current position: LONG qty=0.03
2025-06-13 11:42:13 INFO: Current position: LONG qty=0.03
2025-06-13 11:43:13 INFO: Current position: LONG qty=0.03
2025-06-13 11:44:14 INFO: Current position: LONG qty=0.03
2025-06-13 11:45:14 INFO: Current position: LONG qty=0.03
2025-06-13 11:46:15 INFO: Current position: LONG qty=0.03
2025-06-13 11:47:15 INFO: Current position: LONG qty=0.03
2025-06-13 11:48:15 INFO: Current position: LONG qty=0.03
2025-06-13 11:49:16 INFO: Current position: LONG qty=0.03
2025-06-13 11:50:16 INFO: Current position: LONG qty=0.03
2025-06-13 11:51:16 INFO: Current position: LONG qty=0.03
2025-06-13 11:52:17 INFO: Current position: LONG qty=0.03
2025-06-13 11:53:17 INFO: Current position: LONG qty=0.03
2025-06-13 11:54:18 INFO: Current position: LONG qty=0.03
2025-06-13 11:55:18 INFO: Current position: LONG qty=0.03
2025-06-13 11:56:19 INFO: Current position: LONG qty=0.03
2025-06-13 11:57:19 INFO: Current position: LONG qty=0.03
2025-06-13 11:58:19 INFO: Trade updated with exit_price: 103903.8, pnl: -4.37, result: LOSS
2025-06-13 11:58:19 INFO: No open positions
2025-06-13 11:59:20 INFO: No open positions
2025-06-13 12:00:20 INFO: No open positions
2025-06-13 12:01:21 INFO: No open positions
2025-06-13 12:02:21 INFO: No open positions
2025-06-13 12:03:21 INFO: No open positions
2025-06-13 12:04:22 INFO: No open positions
2025-06-13 12:05:22 INFO: No open positions
2025-06-13 12:06:24 INFO: No open positions
2025-06-13 12:07:25 INFO: No open positions
2025-06-13 12:08:25 INFO: No open positions
2025-06-13 12:09:26 INFO: No open positions
2025-06-13 12:10:26 INFO: No open positions
2025-06-13 12:11:27 INFO: No open positions
2025-06-13 12:12:27 INFO: No open positions
2025-06-13 12:13:28 INFO: No open positions
2025-06-13 12:14:29 INFO: No open positions
2025-06-13 12:15:29 INFO: No open positions
2025-06-13 12:16:29 INFO: No open positions
2025-06-13 12:17:30 INFO: No open positions
2025-06-13 12:18:30 INFO: No open positions
2025-06-13 12:19:30 INFO: No open positions
2025-06-13 12:20:31 INFO: No open positions
2025-06-13 12:21:31 INFO: No open positions
2025-06-13 12:22:31 INFO: No open positions
2025-06-13 12:23:32 INFO: No open positions
2025-06-13 12:23:32 INFO: >> Ready for SHORT setup
2025-06-13 12:24:32 INFO: No open positions
2025-06-13 12:25:33 INFO: No open positions
2025-06-13 12:26:33 INFO: No open positions
2025-06-13 12:27:34 INFO: No open positions
2025-06-13 12:28:34 INFO: No open positions
2025-06-13 12:29:34 INFO: No open positions
2025-06-13 12:30:35 INFO: No open positions
2025-06-13 12:31:35 INFO: No open positions
2025-06-13 12:32:36 INFO: No open positions
2025-06-13 12:33:36 INFO: No open positions
2025-06-13 12:34:36 INFO: No open positions
2025-06-13 12:35:37 INFO: No open positions
2025-06-13 12:36:37 INFO: No open positions
2025-06-13 12:36:37 INFO: Placed SELL MARKET order, qty=0.03
2025-06-13 12:36:38 INFO: Placed TP LIMIT order at 104201.6
2025-06-13 12:36:39 INFO: Placed SL STOP_MARKET order at 104531.6
2025-06-13 12:36:39 INFO: Entered SHORT at 104331.6
2025-06-13 12:37:39 INFO: Current position: SHORT qty=0.03
2025-06-13 12:38:39 INFO: Current position: SHORT qty=0.03
2025-06-13 12:39:40 INFO: Current position: SHORT qty=0.03
2025-06-13 12:40:40 INFO: Current position: SHORT qty=0.03
2025-06-13 12:41:40 INFO: Current position: SHORT qty=0.03
2025-06-13 12:42:41 INFO: Current position: SHORT qty=0.03
2025-06-13 12:43:41 INFO: Current position: SHORT qty=0.03
2025-06-13 12:44:42 INFO: Current position: SHORT qty=0.03
2025-06-13 12:45:42 INFO: Current position: SHORT qty=0.03
2025-06-13 12:46:42 INFO: Current position: SHORT qty=0.03
2025-06-13 12:47:43 INFO: Current position: SHORT qty=0.03
2025-06-13 12:48:43 INFO: Current position: SHORT qty=0.03
2025-06-13 12:49:44 INFO: Current position: SHORT qty=0.03
2025-06-13 12:50:44 INFO: Current position: SHORT qty=0.03
2025-06-13 12:51:44 INFO: Current position: SHORT qty=0.03
2025-06-13 12:52:45 INFO: Current position: SHORT qty=0.03
2025-06-13 12:53:45 INFO: Current position: SHORT qty=0.03
2025-06-13 12:54:45 INFO: Trade updated with exit_price: 104445.2, pnl: -3.41, result: LOSS
2025-06-13 12:54:45 INFO: No open positions
2025-06-13 12:55:46 INFO: No open positions
2025-06-13 12:56:46 INFO: No open positions
2025-06-13 12:56:46 INFO: >> Ready for SHORT setup
2025-06-13 12:57:47 INFO: No open positions
2025-06-13 12:58:47 INFO: No open positions
2025-06-13 12:59:48 INFO: No open positions
2025-06-13 13:00:48 INFO: No open positions
2025-06-13 13:01:48 INFO: No open positions
2025-06-13 13:02:49 INFO: No open positions
2025-06-13 13:03:49 INFO: No open positions
2025-06-13 13:04:49 INFO: No open positions
2025-06-13 13:05:50 INFO: No open positions
2025-06-13 13:06:50 INFO: No open positions
2025-06-13 13:06:50 INFO: Placed SELL MARKET order, qty=0.03
2025-06-13 13:06:52 INFO: Placed TP LIMIT order at 104521.4
2025-06-13 13:06:52 INFO: Placed SL STOP_MARKET order at 104851.4
2025-06-13 13:06:52 INFO: Entered SHORT at 104651.4
2025-06-13 13:07:52 INFO: Current position: SHORT qty=0.03
2025-06-13 13:08:53 INFO: Current position: SHORT qty=0.03
2025-06-13 13:09:53 INFO: Current position: SHORT qty=0.03
2025-06-13 13:10:54 INFO: Current position: SHORT qty=0.03
2025-06-13 13:11:54 INFO: Current position: SHORT qty=0.03
2025-06-13 13:12:55 INFO: Current position: SHORT qty=0.03
2025-06-13 13:13:55 INFO: Current position: SHORT qty=0.03
2025-06-13 13:14:55 INFO: Current position: SHORT qty=0.03
2025-06-13 13:15:56 INFO: Current position: SHORT qty=0.03
2025-06-13 13:16:56 INFO: Current position: SHORT qty=0.03
2025-06-13 13:17:56 INFO: Current position: SHORT qty=0.03
2025-06-13 13:18:57 INFO: Current position: SHORT qty=0.03
2025-06-13 13:19:57 INFO: Current position: SHORT qty=0.03
2025-06-13 13:20:57 INFO: Current position: SHORT qty=0.03
2025-06-13 13:21:58 INFO: Current position: SHORT qty=0.03
2025-06-13 13:22:58 INFO: Trade updated with exit_price: 104704.9, pnl: -1.6, result: LOSS
2025-06-13 13:22:58 INFO: No open positions
2025-06-13 13:23:59 INFO: No open positions
2025-06-13 13:24:59 INFO: No open positions
2025-06-13 13:26:00 INFO: No open positions
2025-06-13 13:27:00 INFO: No open positions
2025-06-13 13:28:00 INFO: No open positions
2025-06-13 13:29:00 INFO: No open positions
2025-06-13 13:30:01 INFO: No open positions
2025-06-13 13:31:01 INFO: No open positions
2025-06-13 13:32:02 INFO: No open positions
2025-06-13 13:33:02 INFO: No open positions
2025-06-13 13:34:02 INFO: No open positions
2025-06-13 13:35:03 INFO: No open positions
2025-06-13 13:36:03 INFO: No open positions
2025-06-13 13:37:03 INFO: No open positions
2025-06-13 13:38:04 INFO: No open positions
2025-06-13 13:39:04 INFO: No open positions
2025-06-13 13:40:05 INFO: No open positions
2025-06-13 13:41:06 INFO: No open positions
2025-06-13 13:42:07 INFO: No open positions
2025-06-13 13:42:07 INFO: >> Ready for SHORT setup
2025-06-13 13:43:07 INFO: No open positions
2025-06-13 13:44:08 INFO: No open positions
2025-06-13 13:45:08 INFO: No open positions
2025-06-13 13:46:09 INFO: No open positions
2025-06-13 13:47:09 INFO: No open positions
2025-06-13 13:48:09 INFO: No open positions
2025-06-13 13:49:10 INFO: No open positions
2025-06-13 13:50:10 INFO: No open positions
2025-06-13 13:51:10 INFO: No open positions
2025-06-13 13:52:11 INFO: No open positions
2025-06-13 13:52:11 INFO: Placed SELL MARKET order, qty=0.03
2025-06-13 13:52:12 INFO: Placed TP LIMIT order at 105015.8
2025-06-13 13:52:12 INFO: Placed SL STOP_MARKET order at 105345.8
2025-06-13 13:52:12 INFO: Entered SHORT at 105145.8
2025-06-13 13:53:13 INFO: Current position: SHORT qty=0.03
2025-06-13 13:54:13 INFO: Current position: SHORT qty=0.03
2025-06-13 13:55:13 INFO: Current position: SHORT qty=0.03
2025-06-13 13:56:14 INFO: Current position: SHORT qty=0.03
2025-06-13 13:57:14 INFO: Current position: SHORT qty=0.03
2025-06-13 13:58:15 INFO: Current position: SHORT qty=0.03
2025-06-13 13:59:15 INFO: Current position: SHORT qty=0.03
2025-06-13 14:00:15 INFO: Current position: SHORT qty=0.03
2025-06-13 14:01:15 INFO: Current position: SHORT qty=0.03
2025-06-13 14:02:16 INFO: Current position: SHORT qty=0.03
2025-06-13 14:03:16 INFO: Current position: SHORT qty=0.03
2025-06-13 14:04:17 INFO: Current position: SHORT qty=0.03
2025-06-13 14:05:17 INFO: Current position: SHORT qty=0.03
2025-06-13 14:06:18 INFO: Current position: SHORT qty=0.03
2025-06-13 14:07:18 INFO: Current position: SHORT qty=0.03
2025-06-13 14:08:19 INFO: Current position: SHORT qty=0.029
2025-06-13 14:09:19 INFO: Current position: SHORT qty=0.029
2025-06-13 14:10:19 INFO: Current position: SHORT qty=0.029
2025-06-13 14:11:20 INFO: Current position: SHORT qty=0.029
2025-06-13 14:12:20 INFO: Trade updated with exit_price: 104992.5, pnl: 4.6, result: WIN
2025-06-13 14:12:20 INFO: No open positions
2025-06-13 14:13:20 INFO: No open positions
2025-06-13 14:13:20 INFO: >> Ready for LONG setup
2025-06-13 14:14:21 INFO: No open positions
2025-06-13 14:15:21 INFO: No open positions
2025-06-13 14:16:22 INFO: No open positions
2025-06-13 14:17:22 INFO: No open positions
2025-06-13 14:18:22 INFO: No open positions
2025-06-13 14:19:25 INFO: No open positions
2025-06-13 14:20:25 INFO: No open positions
2025-06-13 14:21:25 INFO: No open positions
2025-06-13 14:21:25 INFO: Placed BUY MARKET order, qty=0.03
2025-06-13 14:21:27 INFO: Placed TP LIMIT order at 104978.0
2025-06-13 14:21:27 INFO: Placed SL STOP_MARKET order at 104648.0
2025-06-13 14:21:27 INFO: Entered LONG at 104848.0
2025-06-13 14:22:27 INFO: Current position: LONG qty=0.03
2025-06-13 14:23:28 INFO: Current position: LONG qty=0.03
2025-06-13 14:24:28 INFO: Current position: LONG qty=0.03
2025-06-13 14:25:28 INFO: Current position: LONG qty=0.03
2025-06-13 14:26:29 INFO: Current position: LONG qty=0.03
2025-06-13 14:27:29 INFO: Current position: LONG qty=0.03
2025-06-13 14:28:29 INFO: Current position: LONG qty=0.03
2025-06-13 14:29:30 INFO: Current position: LONG qty=0.03
2025-06-13 14:30:30 INFO: Current position: LONG qty=0.03
2025-06-13 14:31:31 INFO: Current position: LONG qty=0.03
2025-06-13 14:32:31 INFO: Current position: LONG qty=0.03
2025-06-13 14:33:31 INFO: Current position: LONG qty=0.03
2025-06-13 14:34:32 INFO: Current position: LONG qty=0.03
2025-06-13 14:35:32 INFO: Current position: LONG qty=0.03
2025-06-13 14:36:32 INFO: Current position: LONG qty=0.03
2025-06-13 14:37:33 INFO: Current position: LONG qty=0.03
2025-06-13 14:38:33 INFO: Current position: LONG qty=0.03
2025-06-13 14:39:33 INFO: Current position: LONG qty=0.03
2025-06-13 14:40:34 INFO: Current position: LONG qty=0.03
2025-06-13 14:41:34 INFO: Current position: LONG qty=0.03
2025-06-13 14:42:35 INFO: Trade updated with exit_price: 104660.1, pnl: -5.64, result: LOSS
2025-06-13 14:42:35 INFO: No open positions
2025-06-13 14:42:35 INFO: >> Ready for LONG setup
2025-06-13 14:43:35 INFO: No open positions
2025-06-13 14:44:36 INFO: No open positions
2025-06-13 14:45:36 INFO: No open positions
2025-06-13 14:46:36 INFO: No open positions
2025-06-13 14:47:37 INFO: No open positions
2025-06-13 14:48:37 INFO: No open positions
2025-06-13 14:49:37 INFO: No open positions
2025-06-13 14:50:38 INFO: No open positions
2025-06-13 14:51:38 INFO: No open positions
2025-06-13 14:52:39 INFO: No open positions
2025-06-13 14:53:39 INFO: No open positions
2025-06-13 14:53:40 INFO: Placed BUY MARKET order, qty=0.03
2025-06-13 14:53:41 INFO: Placed TP LIMIT order at 104753.0
2025-06-13 14:53:41 INFO: Placed SL STOP_MARKET order at 104423.0
2025-06-13 14:53:41 INFO: Entered LONG at 104623.0
2025-06-13 14:54:41 INFO: Current position: LONG qty=0.03
2025-06-13 14:55:42 INFO: Current position: LONG qty=0.03
2025-06-13 14:56:43 INFO: Current position: LONG qty=0.03
2025-06-13 14:57:43 INFO: Current position: LONG qty=0.03
2025-06-13 14:58:43 INFO: Current position: LONG qty=0.03
2025-06-13 14:59:44 INFO: Trade updated with exit_price: 104653.2, pnl: 0.91, result: WIN
2025-06-13 14:59:44 INFO: No open positions
2025-06-13 15:00:44 INFO: No open positions
2025-06-13 15:01:45 INFO: No open positions
2025-06-13 15:02:45 INFO: No open positions
2025-06-13 15:03:45 INFO: No open positions
2025-06-13 15:04:46 INFO: No open positions
2025-06-13 15:05:46 INFO: No open positions
2025-06-13 15:06:47 INFO: No open positions
2025-06-13 15:07:47 INFO: No open positions
2025-06-13 15:08:47 INFO: No open positions
2025-06-13 15:09:48 INFO: No open positions
2025-06-13 15:10:48 INFO: No open positions
2025-06-13 15:11:48 INFO: No open positions
2025-06-13 15:12:49 INFO: No open positions
2025-06-13 15:13:50 INFO: No open positions
2025-06-13 15:14:50 INFO: No open positions
2025-06-13 15:15:50 INFO: No open positions
2025-06-13 15:16:51 INFO: No open positions
2025-06-13 15:17:51 INFO: No open positions
2025-06-13 15:18:52 INFO: No open positions
2025-06-13 15:19:52 INFO: No open positions
2025-06-13 15:20:53 INFO: No open positions
2025-06-13 15:21:53 INFO: No open positions
2025-06-13 15:22:54 INFO: No open positions
2025-06-13 15:23:54 INFO: No open positions
2025-06-13 15:24:54 INFO: No open positions
2025-06-13 15:25:55 INFO: No open positions
2025-06-13 15:26:55 INFO: No open positions
2025-06-13 15:27:55 INFO: No open positions
2025-06-13 15:27:55 INFO: >> Ready for SHORT setup
2025-06-13 15:28:56 INFO: No open positions
2025-06-13 15:29:56 INFO: No open positions
2025-06-13 15:30:56 INFO: No open positions
2025-06-13 15:31:57 INFO: No open positions
2025-06-13 15:32:57 INFO: No open positions
2025-06-13 15:33:57 INFO: No open positions
2025-06-13 15:33:58 INFO: Placed SELL MARKET order, qty=0.03
2025-06-13 15:33:59 INFO: Placed TP LIMIT order at 104527.2
2025-06-13 15:33:59 INFO: Placed SL STOP_MARKET order at 104857.2
2025-06-13 15:33:59 INFO: Entered SHORT at 104657.2
2025-06-13 15:34:59 INFO: Current position: SHORT qty=0.03
2025-06-13 15:36:00 INFO: Trade updated with exit_price: 104600.5, pnl: 1.7, result: WIN
2025-06-13 15:36:00 INFO: No open positions
2025-06-13 15:37:00 INFO: No open positions
2025-06-13 15:37:00 INFO: >> Ready for LONG setup
2025-06-13 15:38:01 INFO: No open positions
2025-06-13 15:39:01 INFO: No open positions
2025-06-13 15:40:01 INFO: No open positions
2025-06-13 15:41:03 INFO: No open positions
2025-06-13 15:41:04 INFO: Placed BUY MARKET order, qty=0.03
2025-06-13 15:41:05 INFO: Placed TP LIMIT order at 104738.8
2025-06-13 15:41:05 INFO: Placed SL STOP_MARKET order at 104408.8
2025-06-13 15:41:05 INFO: Entered LONG at 104608.8
2025-06-13 15:42:05 INFO: Current position: LONG qty=0.03
2025-06-13 15:43:06 INFO: Trade updated with exit_price: 104738.8, pnl: 3.9, result: WIN
2025-06-13 15:43:06 INFO: No open positions
2025-06-13 15:43:06 INFO: >> Ready for SHORT setup
2025-06-13 15:44:06 INFO: No open positions
2025-06-13 15:45:06 INFO: No open positions
2025-06-13 15:46:07 INFO: No open positions
2025-06-13 15:47:07 INFO: No open positions
2025-06-13 15:48:08 INFO: No open positions
2025-06-13 15:48:08 INFO: Placed SELL MARKET order, qty=0.03
2025-06-13 15:48:09 INFO: Placed TP LIMIT order at 104460.0
2025-06-13 15:48:09 INFO: Placed SL STOP_MARKET order at 104790.0
2025-06-13 15:48:09 INFO: Entered SHORT at 104590.0
2025-06-13 15:49:10 INFO: Current position: SHORT qty=0.03
2025-06-13 15:50:10 INFO: Current position: SHORT qty=0.03
2025-06-13 15:51:10 INFO: Current position: SHORT qty=0.03
2025-06-13 15:52:11 INFO: Current position: SHORT qty=0.03
2025-06-13 15:53:11 INFO: Current position: SHORT qty=0.03
2025-06-13 15:54:11 INFO: Current position: SHORT qty=0.03
2025-06-13 15:55:12 INFO: Current position: SHORT qty=0.03
2025-06-13 15:56:12 INFO: Current position: SHORT qty=0.03
2025-06-13 15:57:12 INFO: Current position: SHORT qty=0.03
2025-06-13 15:58:13 INFO: Current position: SHORT qty=0.03
2025-06-13 15:59:13 INFO: Current position: SHORT qty=0.03
2025-06-13 16:00:14 INFO: Current position: SHORT qty=0.03
2025-06-13 16:01:14 INFO: Current position: SHORT qty=0.03
2025-06-13 16:02:15 INFO: Current position: SHORT qty=0.03
2025-06-13 16:03:15 INFO: Current position: SHORT qty=0.03
2025-06-13 16:04:15 INFO: Current position: SHORT qty=0.03
2025-06-13 16:05:16 INFO: Current position: SHORT qty=0.03
2025-06-13 16:06:16 INFO: Current position: SHORT qty=0.03
2025-06-13 16:07:17 INFO: Current position: SHORT qty=0.03
2025-06-13 16:08:17 INFO: Current position: SHORT qty=0.03
2025-06-13 16:09:18 INFO: Current position: SHORT qty=0.03
2025-06-13 16:10:18 INFO: Current position: SHORT qty=0.03
2025-06-13 16:11:19 INFO: Current position: SHORT qty=0.03
2025-06-13 16:12:19 INFO: Current position: SHORT qty=0.03
2025-06-13 16:13:19 INFO: Current position: SHORT qty=0.03
2025-06-13 16:14:20 INFO: Current position: SHORT qty=0.03
2025-06-13 16:15:20 INFO: Current position: SHORT qty=0.03
2025-06-13 16:16:21 INFO: Trade updated with exit_price: 104740.0, pnl: -4.5, result: LOSS
2025-06-13 16:16:21 INFO: No open positions
2025-06-13 16:17:21 INFO: No open positions
2025-06-13 16:18:22 INFO: No open positions
2025-06-13 16:19:22 INFO: No open positions
2025-06-13 16:20:22 INFO: No open positions
2025-06-13 16:21:25 INFO: No open positions
2025-06-13 16:22:25 INFO: No open positions
2025-06-13 16:23:25 INFO: No open positions
2025-06-13 16:24:26 INFO: No open positions
2025-06-13 16:25:26 INFO: No open positions
2025-06-13 16:26:27 INFO: No open positions
2025-06-13 16:27:27 INFO: No open positions
2025-06-13 16:28:27 INFO: No open positions
2025-06-13 16:29:28 INFO: No open positions
2025-06-13 16:29:28 INFO: >> Ready for SHORT setup
2025-06-13 16:30:28 INFO: No open positions
2025-06-13 16:31:28 INFO: No open positions
2025-06-13 16:32:29 INFO: No open positions
2025-06-13 16:33:29 INFO: No open positions
2025-06-13 16:33:29 INFO: Placed SELL MARKET order, qty=0.03
2025-06-13 16:33:31 INFO: Placed TP LIMIT order at 104649.9
2025-06-13 16:33:31 INFO: Placed SL STOP_MARKET order at 104979.9
2025-06-13 16:33:31 INFO: Entered SHORT at 104779.9
2025-06-13 16:34:31 INFO: Current position: SHORT qty=0.03
2025-06-13 16:35:31 INFO: Current position: SHORT qty=0.03
2025-06-13 16:36:32 INFO: Current position: SHORT qty=0.03
2025-06-13 16:37:32 INFO: Current position: SHORT qty=0.03
2025-06-13 16:38:33 INFO: Trade updated with exit_price: 104904.1, pnl: -3.73, result: LOSS
2025-06-13 16:38:33 INFO: No open positions
2025-06-13 16:39:33 INFO: No open positions
2025-06-13 16:40:33 INFO: No open positions
2025-06-13 16:41:34 INFO: No open positions
2025-06-13 16:42:35 INFO: No open positions
2025-06-13 16:43:35 INFO: No open positions
2025-06-13 16:44:36 INFO: No open positions
2025-06-13 16:45:36 INFO: No open positions
2025-06-13 16:46:36 INFO: No open positions
2025-06-13 16:47:37 INFO: No open positions
2025-06-13 16:48:37 INFO: No open positions
2025-06-13 16:49:38 INFO: No open positions
2025-06-13 16:50:38 INFO: No open positions
2025-06-13 16:51:39 INFO: No open positions
2025-06-13 16:52:39 INFO: No open positions
2025-06-13 16:53:39 INFO: No open positions
2025-06-13 16:54:40 INFO: No open positions
2025-06-13 16:54:40 INFO: >> Ready for LONG setup
2025-06-13 16:55:40 INFO: No open positions
2025-06-13 16:56:40 INFO: No open positions
2025-06-13 16:57:41 INFO: No open positions
2025-06-13 16:58:41 INFO: No open positions
2025-06-13 16:59:41 INFO: No open positions
2025-06-13 17:00:41 INFO: No open positions
2025-06-13 17:01:42 INFO: No open positions
2025-06-13 17:01:42 INFO: Placed BUY MARKET order, qty=0.03
2025-06-13 17:01:43 INFO: Placed TP LIMIT order at 104917.5
2025-06-13 17:01:43 INFO: Placed SL STOP_MARKET order at 104587.5
2025-06-13 17:01:43 INFO: Entered LONG at 104787.5
2025-06-13 17:02:44 INFO: Current position: LONG qty=0.03
